  PluginProcessor.cpp
C:\Users\33277\Documents\GitHub\Blood\JuceLibraryCode\modules\ff_meters\LookAndFeel\SoundFieldLookAndFeelMethods.h(107,25): warning C5051: attribute 'maybe_unused' requires at least '/std:c++17'; ignored
C:\Users\33277\Documents\GitHub\Blood\JuceLibraryCode\modules\ff_meters\LookAndFeel\SoundFieldLookAndFeelMethods.h(108,25): warning C5051: attribute 'maybe_unused' requires at least '/std:c++17'; ignored
C:\Users\33277\Documents\GitHub\Blood\JuceLibraryCode\modules\ff_meters\LookAndFeel\SoundFieldLookAndFeelMethods.h(109,25): warning C5051: attribute 'maybe_unused' requires at least '/std:c++17'; ignored
C:\Users\33277\Documents\GitHub\Blood\JuceLibraryCode\modules\ff_meters\LookAndFeel\SoundFieldLookAndFeelMethods.h(110,25): warning C5051: attribute 'maybe_unused' requires at least '/std:c++17'; ignored
C:\Users\33277\Documents\GitHub\Blood\JuceLibraryCode\modules\ff_meters\LookAndFeel\SoundFieldLookAndFeelMethods.h(111,25): warning C5051: attribute 'maybe_unused' requires at least '/std:c++17'; ignored
C:\Users\33277\Documents\GitHub\Blood\JuceLibraryCode\modules\ff_meters\LookAndFeel\LevelMeterLookAndFeelMethods.h(412,1): warning C4456: declaration of 'numChannels' hides previous local declaration
C:\Users\33277\Documents\GitHub\Blood\JuceLibraryCode\modules\ff_meters\LookAndFeel\LevelMeterLookAndFeelMethods.h(334,15): message : see declaration of 'numChannels'
C:\Users\33277\Documents\GitHub\Blood\Source\PluginEditor.h(32,24): warning C4244: 'initializing': conversion from 'double' to 'float', possible loss of data
C:\Users\33277\Documents\GitHub\Blood\Source\PluginEditor.h(34,23): warning C4244: 'initializing': conversion from 'int' to 'float', possible loss of data
C:\Users\33277\Documents\GitHub\Blood\Source\PluginEditor.h(35,23): warning C4244: 'initializing': conversion from 'int' to 'float', possible loss of data
C:\Users\33277\Documents\GitHub\Blood\Source\PluginEditor.h(47,56): warning C4244: 'argument': conversion from 'double' to 'float', possible loss of data
C:\Users\33277\Documents\GitHub\Blood\Source\PluginEditor.h(30,148): warning C4100: 'slider': unreferenced formal parameter
C:\Users\33277\Documents\GitHub\Blood\Source\PluginProcessor.cpp(84,49): warning C4100: 'index': unreferenced formal parameter
C:\Users\33277\Documents\GitHub\Blood\Source\PluginProcessor.cpp(88,54): warning C4100: 'index': unreferenced formal parameter
C:\Users\33277\Documents\GitHub\Blood\Source\PluginProcessor.cpp(93,70): warning C4100: 'newName': unreferenced formal parameter
C:\Users\33277\Documents\GitHub\Blood\Source\PluginProcessor.cpp(93,49): warning C4100: 'index': unreferenced formal parameter
C:\Users\33277\Documents\GitHub\Blood\Source\PluginProcessor.cpp(137,75): warning C4244: 'argument': conversion from 'double' to 'const int', possible loss of data
C:\Users\33277\Documents\GitHub\Blood\Source\PluginProcessor.cpp(138,76): warning C4244: 'argument': conversion from 'double' to 'const int', possible loss of data
C:\Users\33277\Documents\GitHub\Blood\Source\PluginProcessor.cpp(196,14): warning C4244: 'initializing': conversion from '_Ty' to 'int', possible loss of data
          with
          [
              _Ty=float
          ]
C:\Users\33277\Documents\GitHub\Blood\Source\PluginProcessor.cpp(263,32): warning C4244: 'initializing': conversion from 'float' to 'int', possible loss of data
C:\Users\33277\Documents\GitHub\Blood\Source\PluginProcessor.cpp(170,80): warning C4100: 'midiMessages': unreferenced formal parameter
C:\Program Files (x86)\Microsoft Visual Studio\2019\Community\VC\Tools\MSVC\14.26.28801\include\numeric(35,26): warning C4244: '=': conversion from 'double' to '_Ty', possible loss of data
          with
          [
              _Ty=float
          ]
C:\Program Files (x86)\Microsoft Visual Studio\2019\Community\VC\Tools\MSVC\14.26.28801\include\numeric(44): message : see reference to function template instantiation '_Ty std::accumulate<_InIt,_Ty,std::plus<void>>(const _InIt,const _InIt,_Ty,_Fn)' being compiled
          with
          [
              _Ty=float,
              _InIt=std::_Vector_const_iterator<std::_Vector_val<std::_Simple_types<double>>>,
              _Fn=std::plus<void>
          ]
C:\Users\33277\Documents\GitHub\Blood\JuceLibraryCode\modules\ff_meters\LevelMeter\LevelMeterSource.h(102): message : see reference to function template instantiation '_Ty std::accumulate<std::_Vector_const_iterator<std::_Vector_val<std::_Simple_types<double>>>,float>(const _InIt,const _InIt,_Ty)' being compiled
          with
          [
              _Ty=float,
              _InIt=std::_Vector_const_iterator<std::_Vector_val<std::_Simple_types<double>>>
          ]
  Blood_SharedCode.vcxproj -> C:\Users\33277\Documents\GitHub\Blood\Builds\VisualStudio2019\x64\Debug\Shared Code\Blood.lib
